C:\Program Files (x86)\MSBuild\Microsoft.Cpp\v4.0\V140\Microsoft.CppBuild.targets(392,5): warning MSB8028: The intermediate directory (x64\Debug\) contains files shared from another project (IISModule.vcxproj).  This can lead to incorrect clean and rebuild behavior.
  precomp.cpp
c:\program files (x86)\windows kits\8.1\include\um\httpserv.h(113): warning C4091: 'typedef ': ignored on left of 'REQUEST_NOTIFICATION_STATUS' when no variable is declared
c:\program files (x86)\windows kits\8.1\include\um\httpserv.h(125): warning C4091: 'typedef ': ignored on left of 'GLOBAL_NOTIFICATION_STATUS' when no variable is declared
c:\program files (x86)\windows kits\8.1\include\um\httpserv.h(148): warning C4091: 'typedef ': ignored on left of 'CACHE_OPERATION' when no variable is declared
c:\git\aspnetcoremodule\temp\aspnetcore\testhandler.h(195): warning C4102: 'Finished': unreferenced label
c:\git\aspnetcoremodule\temp\aspnetcore\testhandler.h(221): warning C4102: 'Finished': unreferenced label
  winhttphelper.cxx
  websockethandler.cxx
  testhandler.cpp
  serverprocess.cxx
  responseheaderhash.cxx
  proxymodule.cxx
  protocolconfig.cxx
  processmanager.cxx
  path.cxx
  forwardinghandler.cxx
  forwarderconnection.cxx
  filewatcher.cxx
  aspnetcoreutils.cxx
  aspnetcoreconfig.cxx
  applicationmanager.cxx
  application.cxx
  Generating Code...
  dllmain.cpp
c:\program files (x86)\windows kits\8.1\include\um\httpserv.h(113): warning C4091: 'typedef ': ignored on left of 'REQUEST_NOTIFICATION_STATUS' when no variable is declared
c:\program files (x86)\windows kits\8.1\include\um\httpserv.h(125): warning C4091: 'typedef ': ignored on left of 'GLOBAL_NOTIFICATION_STATUS' when no variable is declared
c:\program files (x86)\windows kits\8.1\include\um\httpserv.h(148): warning C4091: 'typedef ': ignored on left of 'CACHE_OPERATION' when no variable is declared
c:\git\aspnetcoremodule\temp\aspnetcore\testhandler.h(195): warning C4102: 'Finished': unreferenced label
c:\git\aspnetcoremodule\temp\aspnetcore\testhandler.h(221): warning C4102: 'Finished': unreferenced label
     Creating library C:\git\AspNetCoreModule\temp\TestAPI\x64\Debug\AspNetCore.lib and object C:\git\AspNetCoreModule\temp\TestAPI\x64\Debug\AspNetCore.exp
iislib.lib(acache.obj) : warning LNK4099: PDB 'IISLib.pdb' was not found with 'iislib.lib(acache.obj)' or at 'C:\git\AspNetCoreModule\temp\TestAPI\x64\Debug\IISLib.pdb'; linking object as if no debug info
iislib.lib(ahutil.obj) : warning LNK4099: PDB 'IISLib.pdb' was not found with 'iislib.lib(ahutil.obj)' or at 'C:\git\AspNetCoreModule\temp\TestAPI\x64\Debug\IISLib.pdb'; linking object as if no debug info
iislib.lib(base64.obj) : warning LNK4099: PDB 'IISLib.pdb' was not found with 'iislib.lib(base64.obj)' or at 'C:\git\AspNetCoreModule\temp\TestAPI\x64\Debug\IISLib.pdb'; linking object as if no debug info
iislib.lib(multisz.obj) : warning LNK4099: PDB 'IISLib.pdb' was not found with 'iislib.lib(multisz.obj)' or at 'C:\git\AspNetCoreModule\temp\TestAPI\x64\Debug\IISLib.pdb'; linking object as if no debug info
iislib.lib(multisza.obj) : warning LNK4099: PDB 'IISLib.pdb' was not found with 'iislib.lib(multisza.obj)' or at 'C:\git\AspNetCoreModule\temp\TestAPI\x64\Debug\IISLib.pdb'; linking object as if no debug info
iislib.lib(reftrace.obj) : warning LNK4099: PDB 'IISLib.pdb' was not found with 'iislib.lib(reftrace.obj)' or at 'C:\git\AspNetCoreModule\temp\TestAPI\x64\Debug\IISLib.pdb'; linking object as if no debug info
iislib.lib(stringa.obj) : warning LNK4099: PDB 'IISLib.pdb' was not found with 'iislib.lib(stringa.obj)' or at 'C:\git\AspNetCoreModule\temp\TestAPI\x64\Debug\IISLib.pdb'; linking object as if no debug info
iislib.lib(stringu.obj) : warning LNK4099: PDB 'IISLib.pdb' was not found with 'iislib.lib(stringu.obj)' or at 'C:\git\AspNetCoreModule\temp\TestAPI\x64\Debug\IISLib.pdb'; linking object as if no debug info
iislib.lib(tracelog.obj) : warning LNK4099: PDB 'IISLib.pdb' was not found with 'iislib.lib(tracelog.obj)' or at 'C:\git\AspNetCoreModule\temp\TestAPI\x64\Debug\IISLib.pdb'; linking object as if no debug info
iislib.lib(util.obj) : warning LNK4099: PDB 'IISLib.pdb' was not found with 'iislib.lib(util.obj)' or at 'C:\git\AspNetCoreModule\temp\TestAPI\x64\Debug\IISLib.pdb'; linking object as if no debug info
  AspNetCore.vcxproj -> C:\git\AspNetCoreModule\temp\TestAPI\x64\Debug\AspNetCore.dll
  AspNetCore.vcxproj -> C:\git\AspNetCoreModule\temp\TestAPI\x64\Debug\AspNetCore.pdb (Full PDB)
