C:\Program Files (x86)\MSBuild\Microsoft.Cpp\v4.0\V140\Microsoft.CppClean.targets(76,5): warning : The process cannot access the file 'c:\git\aspnetcoremodule\temp\iismodule\x64\debug\iismodule.pch' because it is being used by another process.
C:\Program Files (x86)\MSBuild\Microsoft.Cpp\v4.0\V140\Microsoft.CppBuild.targets(392,5): warning MSB8028: The intermediate directory (x64\Debug\) contains files shared from another project (IISModule.vcxproj).  This can lead to incorrect clean and rebuild behavior.
  precomp.cpp
c:\program files (x86)\windows kits\8.1\include\um\httpserv.h(113): warning C4091: 'typedef ': ignored on left of 'REQUEST_NOTIFICATION_STATUS' when no variable is declared
c:\program files (x86)\windows kits\8.1\include\um\httpserv.h(125): warning C4091: 'typedef ': ignored on left of 'GLOBAL_NOTIFICATION_STATUS' when no variable is declared
c:\program files (x86)\windows kits\8.1\include\um\httpserv.h(148): warning C4091: 'typedef ': ignored on left of 'CACHE_OPERATION' when no variable is declared
  winhttphelper.cxx
  websockethandler.cxx
  serverprocess.cxx
  responseheaderhash.cxx
  proxymodule.cxx
  protocolconfig.cxx
  processmanager.cxx
  path.cxx
  IISModule.cpp
  forwardinghandler.cxx
  forwarderconnection.cxx
  filewatcher.cxx
  aspnetcoreutils.cxx
  aspnetcoreconfig.cxx
  applicationmanager.cxx
  application.cxx
  Generating Code...
  dllmain.cpp
c:\program files (x86)\windows kits\8.1\include\um\httpserv.h(113): warning C4091: 'typedef ': ignored on left of 'REQUEST_NOTIFICATION_STATUS' when no variable is declared
c:\program files (x86)\windows kits\8.1\include\um\httpserv.h(125): warning C4091: 'typedef ': ignored on left of 'GLOBAL_NOTIFICATION_STATUS' when no variable is declared
c:\program files (x86)\windows kits\8.1\include\um\httpserv.h(148): warning C4091: 'typedef ': ignored on left of 'CACHE_OPERATION' when no variable is declared
  IISModule.vcxproj -> C:\git\AspNetCoreModule\temp\TestAPI\x64\Debug\AspNetCore.dll
  IISModule.vcxproj -> C:\git\AspNetCoreModule\temp\TestAPI\x64\Debug\AspNetCore.pdb (Full PDB)
